<?xml version="1.0" encoding="UTF-8"?>
<!-- Generated by org.testng.reporters.JUnitReportReporter -->
<testsuite skipped="0" hostname="DESKTOP-H8QK8LP" name="com.seleniumProject.imdb.Tests.TestSample01" tests="1" failures="0" timestamp="11 Jan 2018 10:25:23 GMT" time="8.269" errors="0">
  <testcase name="checkMovieNames" time="8.269" classname="com.seleniumProject.imdb.Tests.TestSample01"/>
</testsuite> <!-- com.seleniumProject.imdb.Tests.TestSample01 -->
